<?xml version="1.0" encoding="UTF-8"?>
<!-- Generated by org.testng.reporters.JUnitReportReporter -->
<testsuite hostname="ShowStopper-PC" name="Tools_QA.MultiBrowser" tests="4" failures="0" timestamp="3 Sep 2017 16:10:27 GMT" time="0.003" errors="0">
  <testcase name="f" time="0.001" classname="Tools_QA.MultiBrowser"/>
  <testcase name="f" time="0.000" classname="Tools_QA.MultiBrowser"/>
  <testcase name="f" time="0.001" classname="Tools_QA.MultiBrowser"/>
  <testcase name="f" time="0.001" classname="Tools_QA.MultiBrowser"/>
</testsuite> <!-- Tools_QA.MultiBrowser -->
