<?xml version="1.0" encoding="UTF-8"?>
<!-- Generated by org.testng.reporters.JUnitReportReporter -->
<testsuite hostname="ShowStopper-PC" name="Tools_QA.TestNG_Single" tests="2" failures="0" timestamp="23 Apr 2016 16:35:52 GMT" time="0.014" errors="0">
  <testcase name="runtest2" time="0.006" classname="Tools_QA.TestNG_Single"/>
  <testcase name="runtest1" time="0.008" classname="Tools_QA.TestNG_Single"/>
</testsuite> <!-- Tools_QA.TestNG_Single -->
