<?xml version="1.0" encoding="UTF-8"?>
<!-- Generated by org.testng.reporters.JUnitReportReporter -->
<testsuite hostname="ShowStopper-PC" name="Tools_QA.TestNG_Priority" tests="12" failures="0" timestamp="3 Sep 2017 16:10:27 GMT" time="0.009" errors="0">
  <testcase name="four" time="0.001" classname="Tools_QA.TestNG_Priority"/>
  <testcase name="three" time="0.000" classname="Tools_QA.TestNG_Priority"/>
  <testcase name="four" time="0.002" classname="Tools_QA.TestNG_Priority"/>
  <testcase name="three" time="0.000" classname="Tools_QA.TestNG_Priority"/>
  <testcase name="four" time="0.001" classname="Tools_QA.TestNG_Priority"/>
  <testcase name="three" time="0.000" classname="Tools_QA.TestNG_Priority"/>
  <testcase name="four" time="0.000" classname="Tools_QA.TestNG_Priority"/>
  <testcase name="three" time="0.001" classname="Tools_QA.TestNG_Priority"/>
  <testcase name="six" time="0.002" classname="Tools_QA.TestNG_Priority"/>
  <testcase name="six" time="0.001" classname="Tools_QA.TestNG_Priority"/>
  <testcase name="six" time="0.001" classname="Tools_QA.TestNG_Priority"/>
  <testcase name="six" time="0.000" classname="Tools_QA.TestNG_Priority"/>
</testsuite> <!-- Tools_QA.TestNG_Priority -->
