<?xml version="1.0" encoding="UTF-8"?>
<!-- Generated by org.testng.reporters.JUnitReportReporter -->
<testsuite hostname="ShowStopper-PC" name="Tools_QA.TestNG_all_annotations" tests="6" failures="0" timestamp="10 Nov 2016 01:50:25 GMT" time="0.043" errors="0">
  <testcase name="bike" time="0.009" classname="Tools_QA.TestNG_all_annotations"/>
  <testcase name="car3" time="0.003" classname="Tools_QA.TestNG_all_annotations"/>
  <testcase name="car1" time="0.016" classname="Tools_QA.TestNG_all_annotations"/>
  <testcase name="scooter1" time="0.004" classname="Tools_QA.TestNG_all_annotations"/>
  <testcase name="car2" time="0.007" classname="Tools_QA.TestNG_all_annotations"/>
  <testcase name="scooter2" time="0.004" classname="Tools_QA.TestNG_all_annotations"/>
</testsuite> <!-- Tools_QA.TestNG_all_annotations -->
