<?xml version="1.0" encoding="UTF-8"?>
<!-- Generated by org.testng.reporters.JUnitReportReporter -->
<testsuite hostname="ShowStopper-PC" name="Tools_QA.Reporting" tests="2" failures="0" timestamp="20 Jul 2016 20:04:28 GMT" time="14.212" errors="0">
  <testcase name="Method2" time="6.305" classname="Tools_QA.Reporting"/>
  <testcase name="Method1" time="7.907" classname="Tools_QA.Reporting"/>
</testsuite> <!-- Tools_QA.Reporting -->
