<?xml version="1.0" encoding="UTF-8"?>
<!-- Generated by org.testng.reporters.JUnitReportReporter -->
<testsuite hostname="ShowStopper-PC" name="Tools_QA.Screenshot_pass_cases" tests="1" failures="0" timestamp="25 Jun 2016 21:47:02 GMT" time="11.817" errors="0">
  <testcase name="takeScreenshot" time="11.817" classname="Tools_QA.Screenshot_pass_cases"/>
</testsuite> <!-- Tools_QA.Screenshot_pass_cases -->
