<?xml version="1.0" encoding="UTF-8"?>
<!-- Generated by org.testng.reporters.JUnitReportReporter -->
<testsuite hostname="ShowStopper-PC" name="Tools_QA.DependsOn" tests="5" failures="0" timestamp="8 May 2016 14:25:41 GMT" time="0.016" errors="0">
  <testcase name="OpenBrowsers" time="0.002" classname="Tools_QA.DependsOn"/>
  <testcase name="LogOut" time="0.003" classname="Tools_QA.DependsOn"/>
  <testcase name="LogIn" time="0.006" classname="Tools_QA.DependsOn"/>
  <testcase name="MainPage123" time="0.003" classname="Tools_QA.DependsOn"/>
  <testcase name="HomePage1" time="0.002" classname="Tools_QA.DependsOn"/>
</testsuite> <!-- Tools_QA.DependsOn -->
