<?xml version="1.0" encoding="UTF-8"?>
<!-- Generated by org.testng.reporters.JUnitReportReporter -->
<testsuite hostname="ShowStopper-PC" name="Tools_QA.TestNG_ToolsQA_Single_TC" tests="1" failures="0" timestamp="24 Apr 2016 17:25:20 GMT" time="34.102" errors="0">
  <testcase name="testrun" time="34.102" classname="Tools_QA.TestNG_ToolsQA_Single_TC"/>
</testsuite> <!-- Tools_QA.TestNG_ToolsQA_Single_TC -->
