<?xml version="1.0" encoding="UTF-8"?>
<!-- Generated by org.testng.reporters.JUnitReportReporter -->
<testsuite hostname="ShowStopper-PC" name="Tools_QA.verifylogin" tests="2" failures="0" timestamp="4 Jun 2016 19:17:18 GMT" time="0.022" errors="0">
  <testcase name="invalidUvalidP" time="0.020" classname="Tools_QA.verifylogin"/>
  <testcase name="validUvalidP" time="0.002" classname="Tools_QA.verifylogin"/>
</testsuite> <!-- Tools_QA.verifylogin -->
