<?xml version="1.0" encoding="UTF-8"?>
<!-- Generated by org.testng.reporters.JUnitReportReporter -->
<testsuite hostname="ShowStopper-PC" name="Tools_QA.TestNG_Reports" tests="1" failures="0" timestamp="15 May 2016 19:28:31 GMT" time="30.529" errors="0">
  <testcase name="reporting" time="30.529" classname="Tools_QA.TestNG_Reports"/>
</testsuite> <!-- Tools_QA.TestNG_Reports -->
